c:\users\chris\documents\visual studio 2017\projects\cttpd native web server\mainframe\x64\release\client.obj
c:\users\chris\documents\visual studio 2017\projects\cttpd native web server\mainframe\x64\release\config.obj
c:\users\chris\documents\visual studio 2017\projects\cttpd native web server\mainframe\x64\release\ctmlcompress.obj
c:\users\chris\documents\visual studio 2017\projects\cttpd native web server\mainframe\x64\release\ctsocket.obj
c:\users\chris\documents\visual studio 2017\projects\cttpd native web server\mainframe\x64\release\flat_hash_map.obj
c:\users\chris\documents\visual studio 2017\projects\cttpd native web server\mainframe\x64\release\generic.obj
c:\users\chris\documents\visual studio 2017\projects\cttpd native web server\mainframe\x64\release\hash.obj
c:\users\chris\documents\visual studio 2017\projects\cttpd native web server\mainframe\x64\release\resourcemanager.obj
c:\users\chris\documents\visual studio 2017\projects\cttpd native web server\mainframe\x64\release\timer.obj
c:\users\chris\documents\visual studio 2017\projects\cttpd native web server\mainframe\x64\release\dllmain.obj
c:\users\chris\documents\visual studio 2017\projects\cttpd native web server\x64\release\mainframe.lib
c:\users\chris\documents\visual studio 2017\projects\cttpd native web server\mainframe\x64\release\mainframe.tlog\icl-mcpcom.read.1.tlog
c:\users\chris\documents\visual studio 2017\projects\cttpd native web server\mainframe\x64\release\mainframe.tlog\icl-mcpcom.write.1.tlog
c:\users\chris\documents\visual studio 2017\projects\cttpd native web server\mainframe\x64\release\mainframe.tlog\icl.command.1.tlog
c:\users\chris\documents\visual studio 2017\projects\cttpd native web server\mainframe\x64\release\mainframe.tlog\icl.read.1.tlog
c:\users\chris\documents\visual studio 2017\projects\cttpd native web server\mainframe\x64\release\mainframe.tlog\icl.write.1.tlog
c:\users\chris\documents\visual studio 2017\projects\cttpd native web server\mainframe\x64\release\mainframe.tlog\xilib-xilink-lib-link.read.1.tlog
c:\users\chris\documents\visual studio 2017\projects\cttpd native web server\mainframe\x64\release\mainframe.tlog\xilib-xilink-lib-link.write.1.tlog
c:\users\chris\documents\visual studio 2017\projects\cttpd native web server\mainframe\x64\release\mainframe.tlog\xilib-xilink-mcpcom.1048.read.1.tlog
c:\users\chris\documents\visual studio 2017\projects\cttpd native web server\mainframe\x64\release\mainframe.tlog\xilib-xilink-mcpcom.1048.write.1.tlog
c:\users\chris\documents\visual studio 2017\projects\cttpd native web server\mainframe\x64\release\mainframe.tlog\xilib-xilink-mcpcom.13660.read.1.tlog
c:\users\chris\documents\visual studio 2017\projects\cttpd native web server\mainframe\x64\release\mainframe.tlog\xilib-xilink-mcpcom.13660.write.1.tlog
c:\users\chris\documents\visual studio 2017\projects\cttpd native web server\mainframe\x64\release\mainframe.tlog\xilib-xilink-mcpcom.14788.read.1.tlog
c:\users\chris\documents\visual studio 2017\projects\cttpd native web server\mainframe\x64\release\mainframe.tlog\xilib-xilink-mcpcom.14788.write.1.tlog
c:\users\chris\documents\visual studio 2017\projects\cttpd native web server\mainframe\x64\release\mainframe.tlog\xilib-xilink-mcpcom.15084.read.1.tlog
c:\users\chris\documents\visual studio 2017\projects\cttpd native web server\mainframe\x64\release\mainframe.tlog\xilib-xilink-mcpcom.15084.write.1.tlog
c:\users\chris\documents\visual studio 2017\projects\cttpd native web server\mainframe\x64\release\mainframe.tlog\xilib-xilink-mcpcom.17420.read.1.tlog
c:\users\chris\documents\visual studio 2017\projects\cttpd native web server\mainframe\x64\release\mainframe.tlog\xilib-xilink-mcpcom.17420.write.1.tlog
c:\users\chris\documents\visual studio 2017\projects\cttpd native web server\mainframe\x64\release\mainframe.tlog\xilib-xilink-mcpcom.18268.read.1.tlog
c:\users\chris\documents\visual studio 2017\projects\cttpd native web server\mainframe\x64\release\mainframe.tlog\xilib-xilink-mcpcom.18268.write.1.tlog
c:\users\chris\documents\visual studio 2017\projects\cttpd native web server\mainframe\x64\release\mainframe.tlog\xilib-xilink-mcpcom.19540.read.1.tlog
c:\users\chris\documents\visual studio 2017\projects\cttpd native web server\mainframe\x64\release\mainframe.tlog\xilib-xilink-mcpcom.19540.write.1.tlog
c:\users\chris\documents\visual studio 2017\projects\cttpd native web server\mainframe\x64\release\mainframe.tlog\xilib-xilink-mcpcom.19880.read.1.tlog
c:\users\chris\documents\visual studio 2017\projects\cttpd native web server\mainframe\x64\release\mainframe.tlog\xilib-xilink-mcpcom.19880.write.1.tlog
c:\users\chris\documents\visual studio 2017\projects\cttpd native web server\mainframe\x64\release\mainframe.tlog\xilib-xilink-mcpcom.19896.read.1.tlog
c:\users\chris\documents\visual studio 2017\projects\cttpd native web server\mainframe\x64\release\mainframe.tlog\xilib-xilink-mcpcom.19896.write.1.tlog
c:\users\chris\documents\visual studio 2017\projects\cttpd native web server\mainframe\x64\release\mainframe.tlog\xilib-xilink-mcpcom.20860.read.1.tlog
c:\users\chris\documents\visual studio 2017\projects\cttpd native web server\mainframe\x64\release\mainframe.tlog\xilib-xilink-mcpcom.20860.write.1.tlog
c:\users\chris\documents\visual studio 2017\projects\cttpd native web server\mainframe\x64\release\mainframe.tlog\xilib-xilink-mcpcom.21744.read.1.tlog
c:\users\chris\documents\visual studio 2017\projects\cttpd native web server\mainframe\x64\release\mainframe.tlog\xilib-xilink-mcpcom.21744.write.1.tlog
c:\users\chris\documents\visual studio 2017\projects\cttpd native web server\mainframe\x64\release\mainframe.tlog\xilib-xilink-mcpcom.21812.read.1.tlog
c:\users\chris\documents\visual studio 2017\projects\cttpd native web server\mainframe\x64\release\mainframe.tlog\xilib-xilink-mcpcom.21812.write.1.tlog
c:\users\chris\documents\visual studio 2017\projects\cttpd native web server\mainframe\x64\release\mainframe.tlog\xilib-xilink-mcpcom.21952.read.1.tlog
c:\users\chris\documents\visual studio 2017\projects\cttpd native web server\mainframe\x64\release\mainframe.tlog\xilib-xilink-mcpcom.21952.write.1.tlog
c:\users\chris\documents\visual studio 2017\projects\cttpd native web server\mainframe\x64\release\mainframe.tlog\xilib-xilink-mcpcom.22000.read.1.tlog
c:\users\chris\documents\visual studio 2017\projects\cttpd native web server\mainframe\x64\release\mainframe.tlog\xilib-xilink-mcpcom.22000.write.1.tlog
c:\users\chris\documents\visual studio 2017\projects\cttpd native web server\mainframe\x64\release\mainframe.tlog\xilib-xilink-mcpcom.22368.read.1.tlog
c:\users\chris\documents\visual studio 2017\projects\cttpd native web server\mainframe\x64\release\mainframe.tlog\xilib-xilink-mcpcom.22368.write.1.tlog
c:\users\chris\documents\visual studio 2017\projects\cttpd native web server\mainframe\x64\release\mainframe.tlog\xilib-xilink-mcpcom.2584.read.1.tlog
c:\users\chris\documents\visual studio 2017\projects\cttpd native web server\mainframe\x64\release\mainframe.tlog\xilib-xilink-mcpcom.2584.write.1.tlog
c:\users\chris\documents\visual studio 2017\projects\cttpd native web server\mainframe\x64\release\mainframe.tlog\xilib-xilink-mcpcom.5328.read.1.tlog
c:\users\chris\documents\visual studio 2017\projects\cttpd native web server\mainframe\x64\release\mainframe.tlog\xilib-xilink-mcpcom.5328.write.1.tlog
c:\users\chris\documents\visual studio 2017\projects\cttpd native web server\mainframe\x64\release\mainframe.tlog\xilib-xilink-mcpcom.6440.read.1.tlog
c:\users\chris\documents\visual studio 2017\projects\cttpd native web server\mainframe\x64\release\mainframe.tlog\xilib-xilink-mcpcom.6440.write.1.tlog
c:\users\chris\documents\visual studio 2017\projects\cttpd native web server\mainframe\x64\release\mainframe.tlog\xilib-xilink-mcpcom.read.1.tlog
c:\users\chris\documents\visual studio 2017\projects\cttpd native web server\mainframe\x64\release\mainframe.tlog\xilib-xilink-mcpcom.write.1.tlog
c:\users\chris\documents\visual studio 2017\projects\cttpd native web server\mainframe\x64\release\mainframe.tlog\xilib-xilink.read.1.tlog
c:\users\chris\documents\visual studio 2017\projects\cttpd native web server\mainframe\x64\release\mainframe.tlog\xilib-xilink.write.1.tlog
c:\users\chris\documents\visual studio 2017\projects\cttpd native web server\mainframe\x64\release\mainframe.tlog\xilib.command.1.tlog
