c:\users\chris\documents\visual studio 2017\projects\cttpd native web server\mainframe\x64\debug\config.obj
c:\users\chris\documents\visual studio 2017\projects\cttpd native web server\mainframe\x64\debug\ctmlcompress.obj
c:\users\chris\documents\visual studio 2017\projects\cttpd native web server\mainframe\x64\debug\ctsocket.obj
c:\users\chris\documents\visual studio 2017\projects\cttpd native web server\mainframe\x64\debug\flat_hash_map.obj
c:\users\chris\documents\visual studio 2017\projects\cttpd native web server\mainframe\x64\debug\generic.obj
c:\users\chris\documents\visual studio 2017\projects\cttpd native web server\mainframe\x64\debug\hash.obj
c:\users\chris\documents\visual studio 2017\projects\cttpd native web server\mainframe\x64\debug\resourcemanager.obj
c:\users\chris\documents\visual studio 2017\projects\cttpd native web server\mainframe\x64\debug\threadmanager.obj
c:\users\chris\documents\visual studio 2017\projects\cttpd native web server\mainframe\x64\debug\timer.obj
c:\users\chris\documents\visual studio 2017\projects\cttpd native web server\mainframe\x64\debug\vc141.pdb
c:\users\chris\documents\visual studio 2017\projects\cttpd native web server\mainframe\x64\debug\dllmain.obj
c:\users\chris\documents\visual studio 2017\projects\cttpd native web server\x64\debug\mainframe.lib
c:\users\chris\documents\visual studio 2017\projects\cttpd native web server\x64\debug\mainframe.exp
c:\users\chris\appdata\local\temp\lnk{deb0381b-a403-4b3b-9144-f0a77f93f304}.tmp
c:\users\chris\documents\visual studio 2017\projects\cttpd native web server\x64\debug\mainframe.ilk
c:\users\chris\documents\visual studio 2017\projects\cttpd native web server\x64\debug\mainframe.dll
c:\users\chris\documents\visual studio 2017\projects\cttpd native web server\x64\debug\mainframe.pdb
c:\users\chris\documents\visual studio 2017\projects\cttpd native web server\mainframe\x64\debug\mainframe.tlog\icl-mcpcom.read.1.tlog
c:\users\chris\documents\visual studio 2017\projects\cttpd native web server\mainframe\x64\debug\mainframe.tlog\icl-mcpcom.write.1.tlog
c:\users\chris\documents\visual studio 2017\projects\cttpd native web server\mainframe\x64\debug\mainframe.tlog\icl.command.1.tlog
c:\users\chris\documents\visual studio 2017\projects\cttpd native web server\mainframe\x64\debug\mainframe.tlog\icl.read.1.tlog
c:\users\chris\documents\visual studio 2017\projects\cttpd native web server\mainframe\x64\debug\mainframe.tlog\icl.write.1.tlog
c:\users\chris\documents\visual studio 2017\projects\cttpd native web server\mainframe\x64\debug\mainframe.tlog\mainframe.write.1u.tlog
c:\users\chris\documents\visual studio 2017\projects\cttpd native web server\mainframe\x64\debug\mainframe.tlog\xilink-link-cvtres.read.1.tlog
c:\users\chris\documents\visual studio 2017\projects\cttpd native web server\mainframe\x64\debug\mainframe.tlog\xilink-link-cvtres.write.1.tlog
c:\users\chris\documents\visual studio 2017\projects\cttpd native web server\mainframe\x64\debug\mainframe.tlog\xilink-link-rc.read.1.tlog
c:\users\chris\documents\visual studio 2017\projects\cttpd native web server\mainframe\x64\debug\mainframe.tlog\xilink-link-rc.write.1.tlog
c:\users\chris\documents\visual studio 2017\projects\cttpd native web server\mainframe\x64\debug\mainframe.tlog\xilink-link.read.1.tlog
c:\users\chris\documents\visual studio 2017\projects\cttpd native web server\mainframe\x64\debug\mainframe.tlog\xilink-link.read.3.tlog
c:\users\chris\documents\visual studio 2017\projects\cttpd native web server\mainframe\x64\debug\mainframe.tlog\xilink-link.write.1.tlog
c:\users\chris\documents\visual studio 2017\projects\cttpd native web server\mainframe\x64\debug\mainframe.tlog\xilink.command.1.tlog
c:\users\chris\documents\visual studio 2017\projects\cttpd native web server\mainframe\x64\debug\mainframe.tlog\xilink.read.1.tlog
c:\users\chris\documents\visual studio 2017\projects\cttpd native web server\mainframe\x64\debug\mainframe.tlog\xilink.write.1.tlog
